[debug] [2020-09-21T19:46:28.519Z] ----------------------------------------------------------------------
[debug] [2020-09-21T19:46:28.521Z] Command:       /usr/bin/node /usr/bin/firebase deploy --only functions
[debug] [2020-09-21T19:46:28.521Z] CLI Version:   8.4.1
[debug] [2020-09-21T19:46:28.522Z] Platform:      linux
[debug] [2020-09-21T19:46:28.522Z] Node Version:  v14.5.0
[debug] [2020-09-21T19:46:28.522Z] Time:          Mon Sep 21 2020 21:46:28 GMT+0200 (Central European Summer Time)
[debug] [2020-09-21T19:46:28.522Z] ----------------------------------------------------------------------
[debug] [2020-09-21T19:46:28.523Z] 
[debug] [2020-09-21T19:46:28.531Z] > command requires scopes: ["email","openid","https://www.googleapis.com/auth/cloudplatformprojects.readonly","https://www.googleapis.com/auth/firebase","https://www.googleapis.com/auth/cloud-platform"]
[debug] [2020-09-21T19:46:28.531Z] > authorizing via signed-in user
[debug] [2020-09-21T19:46:28.531Z] [iam] checking project bastu-d0c4b for permissions ["cloudfunctions.functions.create","cloudfunctions.functions.delete","cloudfunctions.functions.get","cloudfunctions.functions.list","cloudfunctions.functions.update","cloudfunctions.operations.get","firebase.projects.get"]
[debug] [2020-09-21T19:46:28.534Z] >>> HTTP REQUEST POST https://cloudresourcemanager.googleapis.com/v1/projects/bastu-d0c4b:testIamPermissions  
 {"permissions":["cloudfunctions.functions.create","cloudfunctions.functions.delete","cloudfunctions.functions.get","cloudfunctions.functions.list","cloudfunctions.functions.update","cloudfunctions.operations.get","firebase.projects.get"]}
[debug] [2020-09-21T19:46:29.505Z] <<< HTTP RESPONSE 200 {"content-type":"application/json; charset=UTF-8","vary":"X-Origin, Referer, Origin,Accept-Encoding","date":"Mon, 21 Sep 2020 19:45:01 GMT","server":"ESF","cache-control":"private","x-xss-protection":"0","x-frame-options":"SAMEORIGIN","x-content-type-options":"nosniff","server-timing":"gfet4t7; dur=736","alt-svc":"h3-Q050=\":443\"; ma=2592000,h3-29=\":443\"; ma=2592000,h3-27=\":443\"; ma=2592000,h3-T051=\":443\"; ma=2592000,h3-T050=\":443\"; ma=2592000,h3-Q046=\":443\"; ma=2592000,h3-Q043=\":443\"; ma=2592000,quic=\":443\"; ma=2592000; v=\"46,43\"","accept-ranges":"none","transfer-encoding":"chunked"}
[debug] [2020-09-21T19:46:29.511Z] >>> HTTP REQUEST POST https://iam.googleapis.com/v1/projects/bastu-d0c4b/serviceAccounts/bastu-d0c4b@appspot.gserviceaccount.com:testIamPermissions  
 {"permissions":["iam.serviceAccounts.actAs"]}
[debug] [2020-09-21T19:46:30.520Z] <<< HTTP RESPONSE 200 {"content-type":"application/json; charset=UTF-8","vary":"X-Origin, Referer, Origin,Accept-Encoding","date":"Mon, 21 Sep 2020 19:45:02 GMT","server":"ESF","cache-control":"private","x-xss-protection":"0","x-frame-options":"SAMEORIGIN","x-content-type-options":"nosniff","alt-svc":"h3-Q050=\":443\"; ma=2592000,h3-29=\":443\"; ma=2592000,h3-27=\":443\"; ma=2592000,h3-T051=\":443\"; ma=2592000,h3-T050=\":443\"; ma=2592000,h3-Q046=\":443\"; ma=2592000,h3-Q043=\":443\"; ma=2592000,quic=\":443\"; ma=2592000; v=\"46,43\"","accept-ranges":"none","transfer-encoding":"chunked"}
[info] 
[info] === Deploying to 'bastu-d0c4b'...
[info] 
[info] i  deploying functions 
[info] Running command: npm --prefix "$RESOURCE_DIR" run lint
[info] ✔  functions: Finished running predeploy script. 
